[2018-11-01T10:26:04.725] [ERROR] errorLog - 
*************** error log start ***************
request method: GET
request originalUrl:  /users?user=123
request client ip:  null
request query:  {"user":"123"}
response time: 0
err name: Error
err message: 400
err stack: Error: 400
    at app.all (F:\工作\expressDemo\demo\server\app.js:36:11)
    at <anonymous>
    at process._tickCallback (internal/process/next_tick.js:188:7)
*************** error log end ***************

[2018-11-01T10:26:05.538] [ERROR] errorLog - 
*************** error log start ***************
request method: GET
request originalUrl:  /favicon.ico
request client ip:  null
request query:  {}
response time: 0
err name: Error
err message: 400
err stack: Error: 400
    at app.all (F:\工作\expressDemo\demo\server\app.js:36:11)
    at <anonymous>
    at process._tickCallback (internal/process/next_tick.js:188:7)
*************** error log end ***************

