[2018-11-01T10:26:47.509] [INFO] responseLog - 
*************** response log start ***************
request method: GET
request originalUrl:  /users?user=123
request client ip:  null
request query:  {"user":"123"}
response time: 0
response status: 304
response body: 
{}
*************** response log end ***************

[2018-11-01T10:29:08.665] [INFO] responseLog - 
*************** response log start ***************
request method: GET
request originalUrl:  /users?user=123
request client ip:  null
request query:  {"user":"123"}
response time: 0
response status: 304
response body: 
{}
*************** response log end ***************

[2018-11-01T11:26:30.334] [INFO] responseLog - 
*************** response log start ***************
request method: GET
request originalUrl:  /users?user=123
request client ip:  null
request query:  {"user":"123"}
response time: 0
response status: 304
response body: 
{}
*************** response log end ***************

[2018-11-01T11:29:39.461] [INFO] responseLog - 
*************** response log start ***************
request method: GET
request originalUrl:  /users?user=123
request client ip:  null
request query:  {"user":"123"}
response time: 0
response status: 304
response body: 
{}
*************** response log end ***************

[2018-11-01T16:12:30.549] [INFO] responseLog - 
*************** response log start ***************
request method: GET
request originalUrl:  /users?user=123
request client ip:  null
request query:  {"user":"123"}
response time: 0
response status: 304
response body: 
{}
*************** response log end ***************

[2018-11-01T16:34:25.192] [INFO] responseLog - 
*************** response log start ***************
request method: GET
request originalUrl:  /users?user=123
request client ip:  null
request query:  {"user":"123"}
response time: 0
response status: 304
response body: 
{}
*************** response log end ***************

[2018-11-01T16:35:38.458] [INFO] responseLog - 
*************** response log start ***************
request method: GET
request originalUrl:  /users?user=123
request client ip:  null
request query:  {"user":"123"}
response time: 0
response status: 304
response body: 
{}
*************** response log end ***************

[2018-11-01T16:37:23.827] [INFO] responseLog - 
*************** response log start ***************
request method: GET
request originalUrl:  /users?user=123
request client ip:  null
request query:  {"user":"123"}
response time: 0
response status: 304
response body: 
{}
*************** response log end ***************

[2018-11-01T16:37:26.797] [INFO] responseLog - 
*************** response log start ***************
request method: GET
request originalUrl:  /users?user=123
request client ip:  null
request query:  {"user":"123"}
response time: 0
response status: 304
response body: 
{}
*************** response log end ***************

[2018-11-01T16:37:32.210] [INFO] responseLog - 
*************** response log start ***************
request method: GET
request originalUrl:  /users?user=123
request client ip:  null
request query:  {"user":"123"}
response time: 0
response status: 304
response body: 
{}
*************** response log end ***************

[2018-11-01T16:51:49.575] [INFO] responseLog - 
*************** response log start ***************
request method: GET
request originalUrl:  /users?user=123
request client ip:  null
request query:  {"user":"123"}
response time: 0
response status: 304
response body: 
{}
*************** response log end ***************

[2018-11-01T16:52:07.927] [INFO] responseLog - 
*************** response log start ***************
request method: GET
request originalUrl:  /users?user=123
request client ip:  null
request query:  {"user":"123"}
response time: 0
response status: 304
response body: 
{}
*************** response log end ***************

[2018-11-01T16:52:13.558] [INFO] responseLog - 
*************** response log start ***************
request method: GET
request originalUrl:  /users?user=123
request client ip:  null
request query:  {"user":"123"}
response time: 0
response status: 304
response body: 
{}
*************** response log end ***************

[2018-11-01T16:52:15.925] [INFO] responseLog - 
*************** response log start ***************
request method: GET
request originalUrl:  /users?user=123
request client ip:  null
request query:  {"user":"123"}
response time: 0
response status: 304
response body: 
{}
*************** response log end ***************

[2018-11-01T17:39:46.775] [INFO] responseLog - 
*************** response log start ***************
request method: GET
request originalUrl:  /users?user=123
request client ip:  null
request query:  {"user":"123"}
response time: 0
response status: 304
response body: 
{}
*************** response log end ***************

